<?xml version="1.0" encoding="UTF-8"?>
<testsuite name="com.example.faithandroid.BillboardViewModelTest" tests="1" skipped="0" failures="0" errors="0" timestamp="2020-12-20T17:26:48" hostname="DESKTOP-NQ332T3" time="0.049">
  <properties/>
  <testcase name="get billboard goals shows billboardgoals" classname="com.example.faithandroid.BillboardViewModelTest" time="0.049"/>
  <system-out><![CDATA[]]></system-out>
  <system-err><![CDATA[]]></system-err>
</testsuite>
