<?xml version='1.0' encoding='UTF-8' ?>
<testsuite name="com.example.faithandroid.BulletinBoardTest" tests="2" failures="0" errors="0" skipped="0" time="16.267" timestamp="2020-12-20T17:58:27" hostname="localhost">
  <properties>
    <property name="device" value="Nexus_9_API_30(AVD) - 11" />
    <property name="flavor" value="" />
    <property name="project" value="app" />
  </properties>
  <testcase name="addPostToBulletinBoardTest" classname="com.example.faithandroid.BulletinBoardTest" time="13.812" />
  <testcase name="loginActivityTest" classname="com.example.faithandroid.LoginActivityTest" time="0.692" />
</testsuite>